 The max tmgn for small delay defect faults has been set to 2.2598
 ------------------------------------------------------------------------------
 Histogram of Collapsed Fault Distribution
              tmgn
        values     #faults
 -----------------------
   0.1400 -   0.3520: 157     
   0.3520 -   0.5640: 98      
   0.5640 -   0.7759: 39      
   0.7759 -   0.9879: 40      
   0.9879 -   1.1999: 537     
   1.1999 -   1.4119: 149     
   1.4119 -   1.6239: 22      
   1.6239 -   1.8358: 11      
   1.8358 -   2.0478: 1       
   2.0478 -   2.2598: 238     
        >   2.2598: 564     
        Infinite: 2764    
       Undefined: 0       
 --------------------------------------------------------------------------
 Cumulative Distribution of tmgn
           tmgn
       values   #faults
 -----------------------
       0.3520: 157     
       0.5640: 255     
       0.7759: 294     
       0.9879: 334     
       1.1999: 871     
       1.4119: 1020    
       1.6239: 1042    
       1.8358: 1053    
       2.0478: 1054    
       2.2598: 1292    
        < inf: 1856    
     Infinite: 2764    
    Undefined: 0       
 --------------------------------------------------------------------------
 The max tmgn for small delay defect faults has been set to 2.2598
 ------------------------------------------------------------------------------
 Histogram of Collapsed Fault Distribution
              tdet
        values     #faults
 -----------------------
   0.1400 -   0.3520: 45      
   0.3520 -   0.5640: 95      
   0.5640 -   0.7759: 84      
   0.7759 -   0.9879: 49      
   0.9879 -   1.1999: 322     
   1.1999 -   1.4119: 358     
   1.4119 -   1.6239: 32      
   1.6239 -   1.8358: 18      
   1.8358 -   2.0478: 2       
   2.0478 -   2.2598: 238     
        >   2.2598: 524     
        Infinite: 1245    
       Undefined: 1608    
 --------------------------------------------------------------------------
 Cumulative Distribution of tdet
           tdet
       values   #faults
 -----------------------
       0.3520: 45      
       0.5640: 140     
       0.7759: 224     
       0.9879: 273     
       1.1999: 595     
       1.4119: 953     
       1.6239: 985     
       1.8358: 1003    
       2.0478: 1005    
       2.2598: 1243    
        < inf: 1767    
     Infinite: 1245    
    Undefined: 1608    
 --------------------------------------------------------------------------
 The max tmgn for small delay defect faults has been set to 2.2598
 ------------------------------------------------------------------------------
 Histogram of Collapsed Fault Distribution
              delta
        values     #faults
 -----------------------
   0.0000 -   0.1810: 2581    
   0.1810 -   0.3620: 137     
   0.3620 -   0.5430: 37      
   0.5430 -   0.7240: 37      
   0.7240 -   0.9050: 31      
   0.9050 -   1.0860: 35      
   1.0860 -   1.2670: 40      
   1.2670 -   1.4480: 51      
   1.4480 -   1.6290: 16      
   1.6290 -   1.8100: 6       
        >   1.8100: 2       
        Infinite: 39      
       Undefined: 1608    
 --------------------------------------------------------------------------
 Cumulative Distribution of delta
           delta
       values   #faults
 -----------------------
       0.1810: 2581    
       0.3620: 2718    
       0.5430: 2755    
       0.7240: 2792    
       0.9050: 2823    
       1.0860: 2858    
       1.2670: 2898    
       1.4480: 2949    
       1.6290: 2965    
       1.8100: 2971    
        < inf: 2973    
     Infinite: 39      
    Undefined: 1608    
 --------------------------------------------------------------------------
