    Collapsed Transition Fault Summary Report
 -----------------------------------------------
 fault class                     code   #faults
 ------------------------------  ----  ---------
 Detected                         DT       2165
   detected_by_simulation         DS       (799)
   detected_by_implication        DI       (820)
   transition-partially_detected   TP       (546)
 Possibly detected                PT          0
 Undetectable                     UD         20
   undetectable-tied              UT        (18)
   undetectable-redundant         UR         (2)
 ATPG untestable                  AU       2352
   atpg_untestable-not_detected   AN      (2352)
 Not detected                     ND         37
   not-observed                   NO        (37)
 -----------------------------------------------
 total faults                              4574
 test coverage                            47.54%
 fault coverage                           47.33%
 -----------------------------------------------
            Pattern Summary Report
 -----------------------------------------------
 #internal patterns                         149
     #basic_scan patterns                     1
     #fast_sequential patterns              148
 -----------------------------------------------
