    Collapsed Transition Fault Summary Report
 -----------------------------------------------
 fault class                     code   #faults
 ------------------------------  ----  ---------
 Detected                         DT       3556
   detected_by_simulation         DS      (1972)
   detected_by_implication        DI       (820)
   transition-partially_detected   TP       (764)
 Possibly detected                PT          0
 Undetectable                     UD         20
   undetectable-tied              UT        (18)
   undetectable-redundant         UR         (2)
 ATPG untestable                  AU        998
   atpg_untestable-not_detected   AN       (998)
 Not detected                     ND          0
 -----------------------------------------------
 total faults                              4574
 test coverage                            78.09%
 fault coverage                           77.74%
 -----------------------------------------------
            Pattern Summary Report
 -----------------------------------------------
 #internal patterns                         258
     #basic_scan patterns                     1
     #fast_sequential patterns              257
          # 2-cycle patterns                257
          # 1-load patterns                 257
 -----------------------------------------------
