    Collapsed Path_delay Fault Summary Report
 -----------------------------------------------
 fault class                     code   #faults
 ------------------------------  ----  ---------
 Detected                         DT         14
   detected_by_simulation         DS         (3)
   detected_robustly              DR        (11)
 Possibly detected                PT          0
 Undetectable                     UD          0
 ATPG untestable                  AU         41
   atpg_untestable-not_detected   AN        (41)
 Not detected                     ND         34
   not-controlled                 NC        (34)
 -----------------------------------------------
 total faults                                89
 test coverage                            15.73%
 fault coverage                           15.73%
 ATPG effectiveness                       61.80%
 -----------------------------------------------
            Pattern Summary Report
 -----------------------------------------------
 #internal patterns                           7
     #full_sequential patterns                7
 -----------------------------------------------
