      Collapsed Stuck Fault Summary Report
 -----------------------------------------------
 fault class                     code   #faults
 ------------------------------  ----  ---------
 Detected                         DT       4778
   detected_by_simulation         DS      (2846)
   detected_by_implication        DI      (1932)
 Possibly detected                PT          0
 Undetectable                     UD         17
   undetectable-tied              UT         (9)
   undetectable-blocked           UB         (4)
   undetectable-redundant         UR         (4)
 ATPG untestable                  AU        700
   atpg_untestable-not_detected   AN       (700)
 Not detected                     ND          0
 -----------------------------------------------
 total faults                              5495
 test coverage                            87.22%
 fault coverage                           86.95%
 -----------------------------------------------
            Pattern Summary Report
 -----------------------------------------------
 #internal patterns                          35
     #basic_scan patterns                    25
     #fast_sequential patterns                6
          # 2-cycle patterns                  6
          # 1-load patterns                   6
     #full_sequential patterns                4
 -----------------------------------------------
