 The max tmgn for small delay defect faults has been set to 2.2598
 ------------------------------------------------------------------------------
 Histogram of Collapsed Fault Distribution
              tmgn
        values     #faults
 -----------------------
   0.1400 -   0.3520: 157     
   0.3520 -   0.5640: 98      
   0.5640 -   0.7759: 39      
   0.7759 -   0.9879: 40      
   0.9879 -   1.1999: 537     
   1.1999 -   1.4119: 149     
   1.4119 -   1.6239: 22      
   1.6239 -   1.8358: 11      
   1.8358 -   2.0478: 1       
   2.0478 -   2.2598: 238     
        >   2.2598: 564     
        Infinite: 3136    
       Undefined: 0       
 --------------------------------------------------------------------------
 Cumulative Distribution of tmgn
           tmgn
       values   #faults
 -----------------------
       0.3520: 157     
       0.5640: 255     
       0.7759: 294     
       0.9879: 334     
       1.1999: 871     
       1.4119: 1020    
       1.6239: 1042    
       1.8358: 1053    
       2.0478: 1054    
       2.2598: 1292    
        < inf: 1856    
     Infinite: 3136    
    Undefined: 0       
 --------------------------------------------------------------------------
 The max tmgn for small delay defect faults has been set to 2.2598
 ------------------------------------------------------------------------------
 Histogram of Collapsed Fault Distribution
              tdet
        values     #faults
 -----------------------
   0.1400 -   0.3520: 29      
   0.3520 -   0.5640: 106     
   0.5640 -   0.7759: 94      
   0.7759 -   0.9879: 58      
   0.9879 -   1.1999: 277     
   1.1999 -   1.4119: 355     
   1.4119 -   1.6239: 34      
   1.6239 -   1.8358: 16      
   1.8358 -   2.0478: 2       
   2.0478 -   2.2598: 212     
        >   2.2598: 501     
        Infinite: 1232    
       Undefined: 2076    
 --------------------------------------------------------------------------
 Cumulative Distribution of tdet
           tdet
       values   #faults
 -----------------------
       0.3520: 29      
       0.5640: 135     
       0.7759: 229     
       0.9879: 287     
       1.1999: 564     
       1.4119: 919     
       1.6239: 953     
       1.8358: 969     
       2.0478: 971     
       2.2598: 1183    
        < inf: 1684    
     Infinite: 1232    
    Undefined: 2076    
 --------------------------------------------------------------------------
 The max tmgn for small delay defect faults has been set to 2.2598
 ------------------------------------------------------------------------------
 Histogram of Collapsed Fault Distribution
              delta
        values     #faults
 -----------------------
   0.0000 -   0.2230: 2497    
   0.2230 -   0.4460: 158     
   0.4460 -   0.6690: 32      
   0.6690 -   0.8920: 38      
   0.8920 -   1.1150: 31      
   1.1150 -   1.3380: 52      
   1.3380 -   1.5610: 53      
   1.5610 -   1.7840: 8       
   1.7840 -   2.0070: 0       
   2.0070 -   2.2300: 0       
        >   2.2300: 1       
        Infinite: 46      
       Undefined: 2076    
 --------------------------------------------------------------------------
 Cumulative Distribution of delta
           delta
       values   #faults
 -----------------------
       0.2230: 2497    
       0.4460: 2655    
       0.6690: 2687    
       0.8920: 2725    
       1.1150: 2756    
       1.3380: 2808    
       1.5610: 2861    
       1.7840: 2869    
       2.0070: 2869    
       2.2300: 2869    
        < inf: 2870    
     Infinite: 46      
    Undefined: 2076    
 --------------------------------------------------------------------------
