 The max tmgn for small delay defect faults has been set to 2.2098
 ------------------------------------------------------------------------------
 Histogram of Collapsed Fault Distribution
              tmgn
        values     #faults
 -----------------------
   0.1400 -   0.3470: 151     
   0.3470 -   0.5540: 97      
   0.5540 -   0.7609: 72      
   0.7609 -   0.9679: 67      
   0.9679 -   1.1749: 418     
   1.1749 -   1.3819: 273     
   1.3819 -   1.5889: 20      
   1.5889 -   1.7958: 60      
   1.7958 -   2.0028: 101     
   2.0028 -   2.2098: 31      
        >   2.2098: 1068    
        Infinite: 2220    
       Undefined: 0       
 --------------------------------------------------------------------------
 Cumulative Distribution of tmgn
           tmgn
       values   #faults
 -----------------------
       0.3470: 151     
       0.5540: 248     
       0.7609: 320     
       0.9679: 387     
       1.1749: 805     
       1.3819: 1078    
       1.5889: 1098    
       1.7958: 1158    
       2.0028: 1259    
       2.2098: 1290    
        < inf: 2358    
     Infinite: 2220    
    Undefined: 0       
 --------------------------------------------------------------------------
 The max tmgn for small delay defect faults has been set to 2.2098
 ------------------------------------------------------------------------------
 Histogram of Collapsed Fault Distribution
              tdet
        values     #faults
 -----------------------
   0.1400 -   0.3470: 52      
   0.3470 -   0.5540: 110     
   0.5540 -   0.7609: 75      
   0.7609 -   0.9679: 63      
   0.9679 -   1.1749: 251     
   1.1749 -   1.3819: 265     
   1.3819 -   1.5889: 14      
   1.5889 -   1.7958: 20      
   1.7958 -   2.0028: 5       
   2.0028 -   2.2098: 12      
        >   2.2098: 754     
        Infinite: 0       
       Undefined: 2957    
 --------------------------------------------------------------------------
 Cumulative Distribution of tdet
           tdet
       values   #faults
 -----------------------
       0.3470: 52      
       0.5540: 162     
       0.7609: 237     
       0.9679: 300     
       1.1749: 551     
       1.3819: 816     
       1.5889: 830     
       1.7958: 850     
       2.0028: 855     
       2.2098: 867     
        < inf: 1621    
     Infinite: 0       
    Undefined: 2957    
 --------------------------------------------------------------------------
 The max tmgn for small delay defect faults has been set to 2.2098
 ------------------------------------------------------------------------------
 Histogram of Collapsed Fault Distribution
              delta
        values     #faults
 -----------------------
   0.0000 -   0.1820: 1275    
   0.1820 -   0.3640: 130     
   0.3640 -   0.5460: 44      
   0.5460 -   0.7280: 22      
   0.7280 -   0.9100: 30      
   0.9100 -   1.0920: 27      
   1.0920 -   1.2740: 33      
   1.2740 -   1.4560: 41      
   1.4560 -   1.6380: 15      
   1.6380 -   1.8200: 2       
        >   1.8200: 2       
        Infinite: 0       
       Undefined: 2957    
 --------------------------------------------------------------------------
 Cumulative Distribution of delta
           delta
       values   #faults
 -----------------------
       0.1820: 1275    
       0.3640: 1405    
       0.5460: 1449    
       0.7280: 1471    
       0.9100: 1501    
       1.0920: 1528    
       1.2740: 1561    
       1.4560: 1602    
       1.6380: 1617    
       1.8200: 1619    
        < inf: 1621    
     Infinite: 0       
    Undefined: 2957    
 --------------------------------------------------------------------------
