    Collapsed Path_delay Fault Summary Report
 -----------------------------------------------
 fault class                     code   #faults
 ------------------------------  ----  ---------
 Detected                         DT         48
   detected_by_simulation         DS         (8)
   detected_robustly              DR        (40)
 Possibly detected                PT          0
 Undetectable                     UD          0
 ATPG untestable                  AU         41
   atpg_untestable-not_detected   AN        (41)
 Not detected                     ND          0
 -----------------------------------------------
 total faults                                89
 test coverage                            53.93%
 fault coverage                           53.93%
 ATPG effectiveness                      100.00%
 -----------------------------------------------
            Pattern Summary Report
 -----------------------------------------------
 #internal patterns                          13
     #full_sequential patterns               13
 -----------------------------------------------
