 Begin reading netlist ( ../libs/mw_lib/tmax/libs.v.gz )...
 End parsing Verilog file ../libs/mw_lib/tmax/libs.v.gz with 0 errors.
 End reading netlist: #modules=1005, top=pv0a, #lines=10922, CPU_time=0.03 sec, Memory=2MB
 Begin reading netlist ( ../syn/mapped_scan/async_fifo.v )...
 End parsing Verilog file ../syn/mapped_scan/async_fifo.v with 0 errors.
 End reading netlist: #modules=26, top=async_fifo, #lines=1600, CPU_time=0.01 sec, Memory=1MB
#------------------------------------------------------------------------
# 02 _ Build ATPG Design Model
#------------------------------------------------------------------------
run_build_model  $top_design
 ------------------------------------------------------------------------------
 Begin build model for topcut = async_fifo ...
 ------------------------------------------------------------------------------
 There were 2966 primitives and 2 faultable pins removed during model optimizations
 Warning: Rule B7 (undriven module output pin) was violated 16 times.
 Warning: Rule B8 (unconnected module input pin) was violated 10 times.
 Warning: Rule B9 (undriven module internal net) was violated 12 times.
 Warning: Rule B10 (unconnected module internal net) was violated 34 times.
 End build model: #primitives=1607, CPU_time=0.02 sec, Memory=1MB
 ------------------------------------------------------------------------------
 Begin learning analyses...
 End learning analyses, total learning CPU time=0.02 sec.
 ------------------------------------------------------------------------------
report_modules -summary >  ./reports/${occ_mode}/${fault}/02_build.rpt
report_modules -errors  >> ./reports/${occ_mode}/${fault}/02_build.rpt
 ------------------------------------------------------------------------------
 Begin scan design rules checking...
 ------------------------------------------------------------------------------
 Begin reading test protocol file ./occ_bypass_protocols/async_fifo_TM1.spf...
 End parsing STIL file ./occ_bypass_protocols/async_fifo_TM1.spf with 0 errors.
 Test protocol file reading completed, CPU time=0.01 sec.
 ------------------------------------------------------------------------------
 Begin simulating test protocol procedures...
 Nonscan cell constant value results: #constant0 = 2, #constant1 = 2
 Nonscan cell load value results    : #load0 = 4, #load1 = 2
 Test protocol simulation completed, CPU time=0.00 sec.
 ------------------------------------------------------------------------------
 Begin scan chain operation checking...
 Chain 1 successfully traced with 8 scan_cells.
 Chain 2 successfully traced with 8 scan_cells.
 Chain 3 successfully traced with 153 scan_cells.
 Chain 4 successfully traced with 24 scan_cells.
 Warning: Rule S19 (nonscan cell disturb) was violated 23 times.
 Scan chain operation checking completed, CPU time=0.00 sec.
 ------------------------------------------------------------------------------
 Begin clock rules checking...
 Warning: Rule C3 (no latch transparency when clocks off) was violated 1 times.
 Clock rules checking completed, CPU time=0.00 sec.
 The following clocks were identified as groupable with clock wclk (0).
    rclk (12)   ~wrst_n (1)   ~rrst_n (13)
 Clock grouping results: #pairs=8, #groups=1, #serial_pairs=0, #disturbed_pairs=3, CPU time=0.00 sec.
 ------------------------------------------------------------------------------
 Begin nonscan rules checking...
 Nonscan cell summary: #DFF=22  #DLAT=6  #RAM_outs=0  tla_usage_type=hot_clock_tla
 Nonscan behavior:  #C0=2  #C1=2  #TLA=1  #L0=2  #LE=20  #LS=1
 Nonscan rules checking completed, CPU time=0.00 sec.
 ------------------------------------------------------------------------------
 Begin DRC dependent learning...
 Fast-sequential depth results: control=8(1568), observe=0(0), detect=0(0), CPU time=0.00 sec
 DRC dependent learning completed, CPU time=0.00 sec.
 ------------------------------------------------------------------------------
 DRC Summary Report
 ------------------------------------------------------------------------------
 Warning: Rule S19 (nonscan cell disturb) was violated 23 times.
 Warning: Rule C3 (no latch transparency when clocks off) was violated 1 times.
 There were 24 violations that occurred during DRC process.
 1 potential clock groups were identified.
 Design rules checking was successful, total CPU time=0.02 sec.
 ------------------------------------------------------------------------------
 354 faults were added to nofault list in module async_fifo_SCCOMP_DECOMPRESSOR.
 100 faults were added to nofault list in module async_fifo_SCCOMP_COMPRESSOR.
 7156 faults were added to fault list.
 Warning: 78 invalid fault sites were ignored (first occ. at line 1). (M107)
 0 stuck faults were changed to DS from the inactive transition fault list.
 0 stuck faults were changed to DI from the inactive transition fault list.
 0 stuck faults were changed to NP from the inactive transition fault list.
 3486 stuck faults were changed to DS from the inactive transition fault list.
 0 stuck faults were changed to DI from the inactive transition fault list.
 0 stuck faults were changed to NP from the inactive transition fault list.
 0 stuck faults were changed to DS from the inactive transition fault list.
 0 stuck faults were changed to DI from the inactive transition fault list.
 0 stuck faults were changed to NP from the inactive transition fault list.
 
 ATPG performed for stuck fault model using internal pattern source.
 ----------------------------------------------------------
 #patterns     #faults     #ATPG faults  test      process
 stored     detect/active  red/au/abort  coverage  CPU time
 ---------  -------------  ------------  --------  --------
 Begin deterministic ATPG: #uncollapsed_faults=689, abort_limit=100...
 21            542      0        1/69/0    82.49%      0.02
 
     Uncollapsed Stuck Fault Summary Report
 -----------------------------------------------
 fault class                     code   #faults
 ------------------------------  ----  ---------
 Detected                         DT       5890
 Possibly detected                PT          0
 Undetectable                     UD         16
 ATPG untestable                  AU       1104
 Not detected                     ND        146
 -----------------------------------------------
 total faults                              7156
 test coverage                            82.49%
 -----------------------------------------------
            Pattern Summary Report
 -----------------------------------------------
 #internal patterns                          21
     #basic_scan patterns                    21
 -----------------------------------------------
            CPU Usage Summary Report
 -----------------------------------------------
 Total CPU time                            0.04
 -----------------------------------------------
 
 ATPG performed for stuck fault model using internal pattern source.
 ----------------------------------------------------------
 #patterns     #faults     #ATPG faults  test      process
 stored     detect/active  red/au/abort  coverage  CPU time
 ---------  -------------  ------------  --------  --------
 Begin fast-seq ATPG: #uncollapsed_faults=146, abort_limit=100, depth=5...
 22              3     55        0/70/0    82.54%      0.00
 
     Uncollapsed Stuck Fault Summary Report
 -----------------------------------------------
 fault class                     code   #faults
 ------------------------------  ----  ---------
 Detected                         DT       5893
 Possibly detected                PT          0
 Undetectable                     UD         16
 ATPG untestable                  AU       1247
 Not detected                     ND          0
 -----------------------------------------------
 total faults                              7156
 test coverage                            82.54%
 -----------------------------------------------
            Pattern Summary Report
 -----------------------------------------------
 #internal patterns                          22
     #basic_scan patterns                    21
     #fast_sequential patterns                1
 -----------------------------------------------
            CPU Usage Summary Report
 -----------------------------------------------
 Total CPU time                            0.00
 -----------------------------------------------
 
 ATPG performed for stuck fault model using internal pattern source.
 
 ------------------------------------------------------------
 Begin Full-Sequential ATPG for 1247 uncollapsed faults ...
  --- abort limit : 10 backtracks, NO TIME LIMIT
 ------------------------------------------------------------
 #patterns  #faults        #ATPG faults  test       process  
 stored     detect/active  red/au/abort  coverage   CPU time 
 ---------  -------------  ------------  --------  ----------
 22                0      4       1/748/3     82.55%         0.19
 
     Uncollapsed Stuck Fault Summary Report
 -----------------------------------------------
 fault class                     code   #faults
 ------------------------------  ----  ---------
 Detected                         DT       5893
 Possibly detected                PT          0
 Undetectable                     UD         17
 ATPG untestable                  AU       1242
 Not detected                     ND          4
 -----------------------------------------------
 total faults                              7156
 test coverage                            82.55%
 -----------------------------------------------
            Pattern Summary Report
 -----------------------------------------------
 #internal patterns                          22
     #basic_scan patterns                    21
     #fast_sequential patterns                1
 -----------------------------------------------
            CPU Usage Summary Report
 -----------------------------------------------
 Total CPU time                            0.21
 -----------------------------------------------
 Write faults completed: 7156 faults were written into file "./faults/occ_bypass/TM1/stuck.flt".
#-<-->-<-->-<-->-<-->-<-->-<-->-<-->-<-->-<-->-<-->-<-->-<-->-<-->-<-->-#
#									#
#		*** common script for all faults ***			#
#		1) generate required reports				#
#		2) write test patterns					#
#		3) write testbenches for pattern validation		#
#		4) write images for post testing diagnosis		#
#									#
#-<-->-<-->-<-->-<-->-<-->-<-->-<-->-<-->-<-->-<-->-<-->-<-->-<-->-<-->-#
#------------------------------------------------------------------------
# 01 _ Generate ATPG Summaries and Reports
#------------------------------------------------------------------------
if { ! [file exist ./reports/${occ_mode}/${fault}/${mode}] } 	{ exec mkdir -p ./reports/${occ_mode}/${fault}/${mode} }
# reports setting
set_faults -pt_credit 0 -au_credit 0
set_faults -summary verbose -fault_coverage -report collapsed
 Warning: Unused gate deletion affects fault coverage calculation. (M245)
set_patterns -histogram_summary
set_faults -fault_coverage
 Warning: Unused gate deletion affects fault coverage calculation. (M245)
# report coverage
report_summaries >  ./reports/${occ_mode}/${fault}/${mode}/01_coverage.rpt
# report drc violations
report_violations -all >  ./reports/${occ_mode}/${fault}/${mode}/02_drc_violations.rpt
# report not detected faults
report_faults -class nd >  ./reports/${occ_mode}/${fault}/${mode}/03_nd_faults.rpt
# report_clocks
report_clocks -intclocks  >  ./reports/${occ_mode}/${fault}/${mode}/clocks.rpt
report_clocks -pllclocks >>  ./reports/${occ_mode}/${fault}/${mode}/clocks.rpt
report_clocks -matrix    >>  ./reports/${occ_mode}/${fault}/${mode}/clocks.rpt
#------------------------------------------------------------------------
# 02 _ Write Image File for Later Post_Testing Diagnosis
#------------------------------------------------------------------------
if { ! [file exist ./imgs/${occ_mode}/${fault}] } 	{ exec mkdir -p ./imgs/${occ_mode}/${fault} }
write_image ./imgs/${occ_mode}/${fault}/${top_design}_${mode}.img.gz 	-compress gzip -replace -violations 
 End write image: #bytes=134576, CPU time=0.04 sec.
#------------------------------------------------------------------------
# 03 _ Write ATPG Patterns
#------------------------------------------------------------------------
if { ! [file exist ./patterns/${occ_mode}/${fault}/gzip] } { exec mkdir -p ./patterns/${occ_mode}/${fault}/gzip }
if { ! [file exist ./patterns/${occ_mode}/${fault}/stil] } { exec mkdir -p ./patterns/${occ_mode}/${fault}/stil }
write_patterns ./patterns/${occ_mode}/${fault}/stil/${top_design}_${mode}.stil  	-format stil -unified_stil_flow -replace
 Patterns written reference 71 V statements, generating 3567 test cycles
 End writing file 'async_fifo_TM1.stil' with 22 patterns, File_size = 39695, CPU_time = 0.0 sec.
write_patterns ./patterns/${occ_mode}/${fault}/gzip/${top_design}_${mode}_pats.gz 	-format binary -compress gzip -replace
 End writing file 'async_fifo_TM1_pats.gz' with 22 patterns, File_size = 1675, CPU_time = 0.0 sec.
#------------------------------------------------------------------------
# 04 _ Save simulation testbench
#------------------------------------------------------------------------
if {! [file exist ./max_sim/logs]} {exec mkdir -p ./max_sim/logs }
if {! [file exist ./max_sim/parallel/${occ_mode}/${fault}/${mode}]} 	{exec mkdir -p ./max_sim/parallel/${occ_mode}/${fault}/${mode} }
if {! [file exist ./max_sim/serial/${occ_mode}/${fault}/${mode}]} 	{exec mkdir -p ./max_sim/serial/${occ_mode}/${fault}/${mode} }
# parallel simulation testbench 
write_testbench -input ./patterns/${occ_mode}/${fault}/stil/${top_design}_${mode}.stil 	-output ./max_sim/parallel/${occ_mode}/${fault}/${mode}/pat_parallel_tb 	-parameter {-parallel -replace -log ./max_sim/logs/pat_parallel_tb.log} 
 Executing 'stil2verilog'...
# parallel simulation testbench with back annotated delay
write_testbench -input ./patterns/${occ_mode}/${fault}/stil/${top_design}_${mode}.stil 	-output ./max_sim/serial/${occ_mode}/${fault}/${mode}/pat_serial_tb 	-parameter {-serial -replace 	-log ./max_sim/logs/pat_serial_tb.log -sdf_file ../pt/sdf/async_fifo.sdf} 
 Executing 'stil2verilog'...
 Warning: Internal pattern set is now deleted. (M133)
 Warning: Current simulation model is now deleted. (M39)
#-<-->-<-->-<-->-<-->-<-->-<-->-<-->-<-->-<-->-<-->-<-->-<-->-<-->-<-->-#
#									#
#		*** common script for all faults ***			#
#		1) read design and simualtion library			#
#		2) build test model 					#
#									#
#-<-->-<-->-<-->-<-->-<-->-<-->-<-->-<-->-<-->-<-->-<-->-<-->-<-->-<-->-#
#------------------------------------------------------------------------
# 00 _ Save TetraMax Transcript to Log File
#------------------------------------------------------------------------
if { $mode == {TM1} } { 

if { ! [file exist ./logs/${occ_mode}/${fault}] } 	{ exec mkdir -p ./logs/${occ_mode}/${fault} }

set_messages -log ./logs/${occ_mode}/${fault}/tmax_atpg.log -replace  

#------------------------------------------------------------------------
# 01 _ Read Libraries and Design
#------------------------------------------------------------------------
if { ! [file exist ./reports/${occ_mode}/${fault}] } 	{ exec mkdir -p ./reports/${occ_mode}/${fault} }

read_netlist ../libs/mw_lib/tmax/libs.v.gz
read_netlist ../syn/mapped_scan/${top_design}.v

report_modules -undefined > ./reports/${occ_mode}/${fault}/01_read.rpt

}
#------------------------------------------------------------------------
# 02 _ Build ATPG Design Model
#------------------------------------------------------------------------
run_build_model  $top_design
 ------------------------------------------------------------------------------
 Begin build model for topcut = async_fifo ...
 ------------------------------------------------------------------------------
 There were 2966 primitives and 2 faultable pins removed during model optimizations
 Warning: Rule B7 (undriven module output pin) was violated 16 times.
 Warning: Rule B8 (unconnected module input pin) was violated 10 times.
 Warning: Rule B9 (undriven module internal net) was violated 12 times.
 Warning: Rule B10 (unconnected module internal net) was violated 34 times.
 End build model: #primitives=1607, CPU_time=0.03 sec, Memory=1MB
 ------------------------------------------------------------------------------
 Begin learning analyses...
 End learning analyses, total learning CPU time=0.01 sec.
 ------------------------------------------------------------------------------
report_modules -summary >  ./reports/${occ_mode}/${fault}/02_build.rpt
report_modules -errors  >> ./reports/${occ_mode}/${fault}/02_build.rpt
 ------------------------------------------------------------------------------
 Begin scan design rules checking...
 ------------------------------------------------------------------------------
 Begin reading test protocol file ./occ_bypass_protocols/async_fifo_TM2.spf...
 End parsing STIL file ./occ_bypass_protocols/async_fifo_TM2.spf with 0 errors.
 Test protocol file reading completed, CPU time=0.00 sec.
 ------------------------------------------------------------------------------
 Begin simulating test protocol procedures...
 Nonscan cell constant value results: #constant0 = 2, #constant1 = 2
 Nonscan cell load value results    : #load0 = 4, #load1 = 2
 Test protocol simulation completed, CPU time=0.00 sec.
 ------------------------------------------------------------------------------
 Begin scan chain operation checking...
 Chain 1 successfully traced with 8 scan_cells.
 Chain 2 successfully traced with 8 scan_cells.
 Chain 3 successfully traced with 153 scan_cells.
 Chain 4 successfully traced with 24 scan_cells.
 Warning: Rule S19 (nonscan cell disturb) was violated 23 times.
 Scan chain operation checking completed, CPU time=0.00 sec.
 ------------------------------------------------------------------------------
 Begin clock rules checking...
 Warning: Rule C3 (no latch transparency when clocks off) was violated 1 times.
 Clock rules checking completed, CPU time=0.00 sec.
 The following clocks were identified as groupable with clock wclk (0).
    rclk (12)   ~wrst_n (1)   ~rrst_n (13)
 Clock grouping results: #pairs=8, #groups=1, #serial_pairs=0, #disturbed_pairs=3, CPU time=0.00 sec.
 ------------------------------------------------------------------------------
 Begin nonscan rules checking...
 Nonscan cell summary: #DFF=22  #DLAT=6  #RAM_outs=0  tla_usage_type=hot_clock_tla
 Nonscan behavior:  #C0=2  #C1=2  #TLA=1  #L0=2  #LE=20  #LS=1
 Nonscan rules checking completed, CPU time=0.00 sec.
 ------------------------------------------------------------------------------
 Begin DRC dependent learning...
 Fast-sequential depth results: control=8(1568), observe=0(0), detect=0(0), CPU time=0.00 sec
 DRC dependent learning completed, CPU time=0.00 sec.
 ------------------------------------------------------------------------------
 DRC Summary Report
 ------------------------------------------------------------------------------
 Warning: Rule S19 (nonscan cell disturb) was violated 23 times.
 Warning: Rule C3 (no latch transparency when clocks off) was violated 1 times.
 There were 24 violations that occurred during DRC process.
 1 potential clock groups were identified.
 Design rules checking was successful, total CPU time=0.00 sec.
 ------------------------------------------------------------------------------
 354 faults were added to nofault list in module async_fifo_SCCOMP_DECOMPRESSOR.
 100 faults were added to nofault list in module async_fifo_SCCOMP_COMPRESSOR.
 5209 faults were added to fault list.
 Warning: 78 invalid fault sites were ignored (first occ. at line 1). (M107)
 0 stuck faults were changed to DS from the inactive transition fault list.
 0 stuck faults were changed to DI from the inactive transition fault list.
 0 stuck faults were changed to NP from the inactive transition fault list.
 2293 stuck faults were changed to DS from the inactive transition fault list.
 0 stuck faults were changed to DI from the inactive transition fault list.
 0 stuck faults were changed to NP from the inactive transition fault list.
 0 stuck faults were changed to DS from the inactive transition fault list.
 0 stuck faults were changed to DI from the inactive transition fault list.
 0 stuck faults were changed to NP from the inactive transition fault list.
 
 ATPG performed for stuck fault model using internal pattern source.
 ----------------------------------------------------------
 #patterns     #faults     #ATPG faults  test      process
 stored     detect/active  red/au/abort  coverage  CPU time
 ---------  -------------  ------------  --------  --------
 Begin deterministic ATPG: #collapsed_faults=1281, abort_limit=100...
 22            500      0        1/70/0    84.98%      0.03
 
      Collapsed Stuck Fault Summary Report
 -----------------------------------------------
 fault class                     code   #faults
 ------------------------------  ----  ---------
 Detected                         DT       4413
   detected_by_simulation         DS      (2793)
   detected_by_implication        DI      (1620)
 Possibly detected                PT          0
 Undetectable                     UD         16
   undetectable-tied              UT         (9)
   undetectable-blocked           UB         (4)
   undetectable-redundant         UR         (3)
 ATPG untestable                  AU        653
   atpg_untestable-not_detected   AN       (653)
 Not detected                     ND        127
   not-controlled                 NC       (127)
 -----------------------------------------------
 total faults                              5209
 test coverage                            84.98%
 fault coverage                           84.72%
 -----------------------------------------------
            Pattern Summary Report
 -----------------------------------------------
 #internal patterns                          22
     #basic_scan patterns                    22
 -----------------------------------------------
            CPU Usage Summary Report
 -----------------------------------------------
 Total CPU time                            0.04
 -----------------------------------------------
 
 ATPG performed for stuck fault model using internal pattern source.
 ----------------------------------------------------------
 #patterns     #faults     #ATPG faults  test      process
 stored     detect/active  red/au/abort  coverage  CPU time
 ---------  -------------  ------------  --------  --------
 Begin fast-seq ATPG: #collapsed_faults=127, abort_limit=100, depth=5...
 23              2     56        0/69/0    85.02%      0.00
 
      Collapsed Stuck Fault Summary Report
 -----------------------------------------------
 fault class                     code   #faults
 ------------------------------  ----  ---------
 Detected                         DT       4415
   detected_by_simulation         DS      (2795)
   detected_by_implication        DI      (1620)
 Possibly detected                PT          0
 Undetectable                     UD         16
   undetectable-tied              UT         (9)
   undetectable-blocked           UB         (4)
   undetectable-redundant         UR         (3)
 ATPG untestable                  AU        778
   atpg_untestable-not_detected   AN       (778)
 Not detected                     ND          0
 -----------------------------------------------
 total faults                              5209
 test coverage                            85.02%
 fault coverage                           84.76%
 -----------------------------------------------
            Pattern Summary Report
 -----------------------------------------------
 #internal patterns                          23
     #basic_scan patterns                    22
     #fast_sequential patterns                1
          # 2-cycle patterns                  1
          # 1-load patterns                   1
 -----------------------------------------------
            CPU Usage Summary Report
 -----------------------------------------------
 Total CPU time                            0.00
 -----------------------------------------------
 
 ATPG performed for stuck fault model using internal pattern source.
 
 ------------------------------------------------------------
 Begin Full-Sequential ATPG for 778 collapsed faults ...
  --- abort limit : 10 backtracks, NO TIME LIMIT
 ------------------------------------------------------------
 #patterns  #faults        #ATPG faults  test       process  
 stored     detect/active  red/au/abort  coverage   CPU time 
 ---------  -------------  ------------  --------  ----------
 23                0      4       1/773/4     85.03%         0.25
 
      Collapsed Stuck Fault Summary Report
 -----------------------------------------------
 fault class                     code   #faults
 ------------------------------  ----  ---------
 Detected                         DT       4415
   detected_by_simulation         DS      (2795)
   detected_by_implication        DI      (1620)
 Possibly detected                PT          0
 Undetectable                     UD         17
   undetectable-tied              UT         (9)
   undetectable-blocked           UB         (4)
   undetectable-redundant         UR         (4)
 ATPG untestable                  AU        773
   atpg_untestable-not_detected   AN       (773)
 Not detected                     ND          4
   not-controlled                 NC         (4)
 -----------------------------------------------
 total faults                              5209
 test coverage                            85.03%
 fault coverage                           84.76%
 -----------------------------------------------
            Pattern Summary Report
 -----------------------------------------------
 #internal patterns                          23
     #basic_scan patterns                    22
     #fast_sequential patterns                1
          # 2-cycle patterns                  1
          # 1-load patterns                   1
 -----------------------------------------------
            CPU Usage Summary Report
 -----------------------------------------------
 Total CPU time                            0.26
 -----------------------------------------------
 Write faults completed: 5209 faults were written into file "./faults/occ_bypass/TM2/stuck.flt".
#-<-->-<-->-<-->-<-->-<-->-<-->-<-->-<-->-<-->-<-->-<-->-<-->-<-->-<-->-#
#									#
#		*** common script for all faults ***			#
#		1) generate required reports				#
#		2) write test patterns					#
#		3) write testbenches for pattern validation		#
#		4) write images for post testing diagnosis		#
#									#
#-<-->-<-->-<-->-<-->-<-->-<-->-<-->-<-->-<-->-<-->-<-->-<-->-<-->-<-->-#
#------------------------------------------------------------------------
# 01 _ Generate ATPG Summaries and Reports
#------------------------------------------------------------------------
if { ! [file exist ./reports/${occ_mode}/${fault}/${mode}] } 	{ exec mkdir -p ./reports/${occ_mode}/${fault}/${mode} }
# reports setting
set_faults -pt_credit 0 -au_credit 0
set_faults -summary verbose -fault_coverage -report collapsed
 Warning: Unused gate deletion affects fault coverage calculation. (M245)
set_patterns -histogram_summary
set_faults -fault_coverage
 Warning: Unused gate deletion affects fault coverage calculation. (M245)
# report coverage
report_summaries >  ./reports/${occ_mode}/${fault}/${mode}/01_coverage.rpt
# report drc violations
report_violations -all >  ./reports/${occ_mode}/${fault}/${mode}/02_drc_violations.rpt
# report not detected faults
report_faults -class nd >  ./reports/${occ_mode}/${fault}/${mode}/03_nd_faults.rpt
# report_clocks
report_clocks -intclocks  >  ./reports/${occ_mode}/${fault}/${mode}/clocks.rpt
report_clocks -pllclocks >>  ./reports/${occ_mode}/${fault}/${mode}/clocks.rpt
report_clocks -matrix    >>  ./reports/${occ_mode}/${fault}/${mode}/clocks.rpt
#------------------------------------------------------------------------
# 02 _ Write Image File for Later Post_Testing Diagnosis
#------------------------------------------------------------------------
if { ! [file exist ./imgs/${occ_mode}/${fault}] } 	{ exec mkdir -p ./imgs/${occ_mode}/${fault} }
write_image ./imgs/${occ_mode}/${fault}/${top_design}_${mode}.img.gz 	-compress gzip -replace -violations 
 End write image: #bytes=134594, CPU time=0.04 sec.
#------------------------------------------------------------------------
# 03 _ Write ATPG Patterns
#------------------------------------------------------------------------
if { ! [file exist ./patterns/${occ_mode}/${fault}/gzip] } { exec mkdir -p ./patterns/${occ_mode}/${fault}/gzip }
if { ! [file exist ./patterns/${occ_mode}/${fault}/stil] } { exec mkdir -p ./patterns/${occ_mode}/${fault}/stil }
write_patterns ./patterns/${occ_mode}/${fault}/stil/${top_design}_${mode}.stil  	-format stil -unified_stil_flow -replace
 Patterns written reference 74 V statements, generating 3722 test cycles
 End writing file 'async_fifo_TM2.stil' with 23 patterns, File_size = 40370, CPU_time = 0.0 sec.
write_patterns ./patterns/${occ_mode}/${fault}/gzip/${top_design}_${mode}_pats.gz 	-format binary -compress gzip -replace
 End writing file 'async_fifo_TM2_pats.gz' with 23 patterns, File_size = 1750, CPU_time = 0.0 sec.
#------------------------------------------------------------------------
# 04 _ Save simulation testbench
#------------------------------------------------------------------------
if {! [file exist ./max_sim/logs]} {exec mkdir -p ./max_sim/logs }
if {! [file exist ./max_sim/parallel/${occ_mode}/${fault}/${mode}]} 	{exec mkdir -p ./max_sim/parallel/${occ_mode}/${fault}/${mode} }
if {! [file exist ./max_sim/serial/${occ_mode}/${fault}/${mode}]} 	{exec mkdir -p ./max_sim/serial/${occ_mode}/${fault}/${mode} }
# parallel simulation testbench 
write_testbench -input ./patterns/${occ_mode}/${fault}/stil/${top_design}_${mode}.stil 	-output ./max_sim/parallel/${occ_mode}/${fault}/${mode}/pat_parallel_tb 	-parameter {-parallel -replace -log ./max_sim/logs/pat_parallel_tb.log} 
 Executing 'stil2verilog'...
# parallel simulation testbench with back annotated delay
write_testbench -input ./patterns/${occ_mode}/${fault}/stil/${top_design}_${mode}.stil 	-output ./max_sim/serial/${occ_mode}/${fault}/${mode}/pat_serial_tb 	-parameter {-serial -replace 	-log ./max_sim/logs/pat_serial_tb.log -sdf_file ../pt/sdf/async_fifo.sdf} 
 Executing 'stil2verilog'...
 Warning: Internal pattern set is now deleted. (M133)
 Warning: Current simulation model is now deleted. (M39)
#-<-->-<-->-<-->-<-->-<-->-<-->-<-->-<-->-<-->-<-->-<-->-<-->-<-->-<-->-#
#									#
#		*** common script for all faults ***			#
#		1) read design and simualtion library			#
#		2) build test model 					#
#									#
#-<-->-<-->-<-->-<-->-<-->-<-->-<-->-<-->-<-->-<-->-<-->-<-->-<-->-<-->-#
#------------------------------------------------------------------------
# 00 _ Save TetraMax Transcript to Log File
#------------------------------------------------------------------------
if { $mode == {TM1} } { 

if { ! [file exist ./logs/${occ_mode}/${fault}] } 	{ exec mkdir -p ./logs/${occ_mode}/${fault} }

set_messages -log ./logs/${occ_mode}/${fault}/tmax_atpg.log -replace  

#------------------------------------------------------------------------
# 01 _ Read Libraries and Design
#------------------------------------------------------------------------
if { ! [file exist ./reports/${occ_mode}/${fault}] } 	{ exec mkdir -p ./reports/${occ_mode}/${fault} }

read_netlist ../libs/mw_lib/tmax/libs.v.gz
read_netlist ../syn/mapped_scan/${top_design}.v

report_modules -undefined > ./reports/${occ_mode}/${fault}/01_read.rpt

}
#------------------------------------------------------------------------
# 02 _ Build ATPG Design Model
#------------------------------------------------------------------------
run_build_model  $top_design
 ------------------------------------------------------------------------------
 Begin build model for topcut = async_fifo ...
 ------------------------------------------------------------------------------
 There were 2966 primitives and 2 faultable pins removed during model optimizations
 Warning: Rule B7 (undriven module output pin) was violated 16 times.
 Warning: Rule B8 (unconnected module input pin) was violated 10 times.
 Warning: Rule B9 (undriven module internal net) was violated 12 times.
 Warning: Rule B10 (unconnected module internal net) was violated 34 times.
 End build model: #primitives=1607, CPU_time=0.02 sec, Memory=1MB
 ------------------------------------------------------------------------------
 Begin learning analyses...
 End learning analyses, total learning CPU time=0.01 sec.
 ------------------------------------------------------------------------------
report_modules -summary >  ./reports/${occ_mode}/${fault}/02_build.rpt
report_modules -errors  >> ./reports/${occ_mode}/${fault}/02_build.rpt
 ------------------------------------------------------------------------------
 Begin scan design rules checking...
 ------------------------------------------------------------------------------
 Begin reading test protocol file ./occ_bypass_protocols/async_fifo_TM3.spf...
 End parsing STIL file ./occ_bypass_protocols/async_fifo_TM3.spf with 0 errors.
 Test protocol file reading completed, CPU time=0.00 sec.
 ------------------------------------------------------------------------------
 Begin simulating test protocol procedures...
 Nonscan cell constant value results: #constant0 = 2, #constant1 = 2
 Nonscan cell load value results    : #load0 = 4, #load1 = 2
 Test protocol simulation completed, CPU time=0.00 sec.
 ------------------------------------------------------------------------------
 Begin scan chain operation checking...
 Chain 1 successfully traced with 193 scan_cells.
 Warning: Rule S19 (nonscan cell disturb) was violated 22 times.
 Warning: Rule S22 (multiply clocked scan chain) was violated 1 times.
 Warning: Rule S29 (invalid dependent slave operation) was violated 1 times.
 Scan chain operation checking completed, CPU time=0.00 sec.
 ------------------------------------------------------------------------------
 Begin clock rules checking...
 Clock rules checking completed, CPU time=0.00 sec.
 The following clocks were identified as groupable with clock wclk (0).
    rclk (12)   ~wrst_n (1)   ~rrst_n (13)
 Clock grouping results: #pairs=8, #groups=1, #serial_pairs=0, #disturbed_pairs=3, CPU time=0.00 sec.
 ------------------------------------------------------------------------------
 Begin nonscan rules checking...
 Nonscan cell summary: #DFF=22  #DLAT=4  #RAM_outs=0  tla_usage_type=hot_clock_tla
 Nonscan behavior:  #C0=2  #C1=2  #L0=2  #LE=20
 Nonscan rules checking completed, CPU time=0.00 sec.
 ------------------------------------------------------------------------------
 Begin DRC dependent learning...
 Fast-sequential depth results: control=8(1568), observe=0(0), detect=2(930), CPU time=0.00 sec
 DRC dependent learning completed, CPU time=0.00 sec.
 ------------------------------------------------------------------------------
 DRC Summary Report
 ------------------------------------------------------------------------------
 Warning: Rule S19 (nonscan cell disturb) was violated 22 times.
 Warning: Rule S22 (multiply clocked scan chain) was violated 1 times.
 Warning: Rule S29 (invalid dependent slave operation) was violated 1 times.
 There were 24 violations that occurred during DRC process.
 1 potential clock groups were identified.
 Design rules checking was successful, total CPU time=0.01 sec.
 ------------------------------------------------------------------------------
 354 faults were added to nofault list in module async_fifo_SCCOMP_DECOMPRESSOR.
 100 faults were added to nofault list in module async_fifo_SCCOMP_COMPRESSOR.
 5209 faults were added to fault list.
 Warning: 78 invalid fault sites were ignored (first occ. at line 1). (M107)
 0 stuck faults were changed to DS from the inactive transition fault list.
 0 stuck faults were changed to DI from the inactive transition fault list.
 0 stuck faults were changed to NP from the inactive transition fault list.
 2293 stuck faults were changed to DS from the inactive transition fault list.
 0 stuck faults were changed to DI from the inactive transition fault list.
 0 stuck faults were changed to NP from the inactive transition fault list.
 0 stuck faults were changed to DS from the inactive transition fault list.
 0 stuck faults were changed to DI from the inactive transition fault list.
 0 stuck faults were changed to NP from the inactive transition fault list.
 
 ATPG performed for stuck fault model using internal pattern source.
 ----------------------------------------------------------
 #patterns     #faults     #ATPG faults  test      process
 stored     detect/active  red/au/abort  coverage  CPU time
 ---------  -------------  ------------  --------  --------
 Begin deterministic ATPG: #collapsed_faults=1289, abort_limit=100...
 20            514      0        1/57/0    85.10%      0.02
 
      Collapsed Stuck Fault Summary Report
 -----------------------------------------------
 fault class                     code   #faults
 ------------------------------  ----  ---------
 Detected                         DT       4419
   detected_by_simulation         DS      (2807)
   detected_by_implication        DI      (1612)
 Possibly detected                PT          0
 Undetectable                     UD         16
   undetectable-tied              UT         (9)
   undetectable-blocked           UB         (4)
   undetectable-redundant         UR         (3)
 ATPG untestable                  AU        660
   atpg_untestable-not_detected   AN       (660)
 Not detected                     ND        114
   not-controlled                 NC       (114)
 -----------------------------------------------
 total faults                              5209
 test coverage                            85.10%
 fault coverage                           84.83%
 -----------------------------------------------
            Pattern Summary Report
 -----------------------------------------------
 #internal patterns                          20
     #basic_scan patterns                    20
 -----------------------------------------------
            CPU Usage Summary Report
 -----------------------------------------------
 Total CPU time                            0.02
 -----------------------------------------------
 
 ATPG performed for stuck fault model using internal pattern source.
 ----------------------------------------------------------
 #patterns     #faults     #ATPG faults  test      process
 stored     detect/active  red/au/abort  coverage  CPU time
 ---------  -------------  ------------  --------  --------
 Begin fast-seq ATPG: #collapsed_faults=114, abort_limit=100, depth=5...
 
      Collapsed Stuck Fault Summary Report
 -----------------------------------------------
 fault class                     code   #faults
 ------------------------------  ----  ---------
 Detected                         DT       4419
   detected_by_simulation         DS      (2807)
   detected_by_implication        DI      (1612)
 Possibly detected                PT          0
 Undetectable                     UD         16
   undetectable-tied              UT         (9)
   undetectable-blocked           UB         (4)
   undetectable-redundant         UR         (3)
 ATPG untestable                  AU        774
   atpg_untestable-not_detected   AN       (774)
 Not detected                     ND          0
 -----------------------------------------------
 total faults                              5209
 test coverage                            85.10%
 fault coverage                           84.83%
 -----------------------------------------------
            Pattern Summary Report
 -----------------------------------------------
 #internal patterns                          20
     #basic_scan patterns                    20
 -----------------------------------------------
            CPU Usage Summary Report
 -----------------------------------------------
 Total CPU time                            0.01
 -----------------------------------------------
 
 ATPG performed for stuck fault model using internal pattern source.
 
 ------------------------------------------------------------
 Begin Full-Sequential ATPG for 774 collapsed faults ...
  --- abort limit : 10 backtracks, NO TIME LIMIT
 ------------------------------------------------------------
 #patterns  #faults        #ATPG faults  test       process  
 stored     detect/active  red/au/abort  coverage   CPU time 
 ---------  -------------  ------------  --------  ----------
 21                2    643       0/129/0     85.13%         0.14
 22                2    472       0/298/0     85.17%         0.26
 23                1    468       0/301/0     85.19%         0.33
 23                0      0       1/768/0     85.21%         0.44
 
      Collapsed Stuck Fault Summary Report
 -----------------------------------------------
 fault class                     code   #faults
 ------------------------------  ----  ---------
 Detected                         DT       4424
   detected_by_simulation         DS      (2812)
   detected_by_implication        DI      (1612)
 Possibly detected                PT          0
 Undetectable                     UD         17
   undetectable-tied              UT         (9)
   undetectable-blocked           UB         (4)
   undetectable-redundant         UR         (4)
 ATPG untestable                  AU        768
   atpg_untestable-not_detected   AN       (768)
 Not detected                     ND          0
 -----------------------------------------------
 total faults                              5209
 test coverage                            85.21%
 fault coverage                           84.93%
 -----------------------------------------------
            Pattern Summary Report
 -----------------------------------------------
 #internal patterns                          23
     #basic_scan patterns                    20
     #full_sequential patterns                3
 -----------------------------------------------
            CPU Usage Summary Report
 -----------------------------------------------
 Total CPU time                            0.45
 -----------------------------------------------
 Write faults completed: 5209 faults were written into file "./faults/occ_bypass/TM3/stuck.flt".
#-<-->-<-->-<-->-<-->-<-->-<-->-<-->-<-->-<-->-<-->-<-->-<-->-<-->-<-->-#
#									#
#		*** common script for all faults ***			#
#		1) generate required reports				#
#		2) write test patterns					#
#		3) write testbenches for pattern validation		#
#		4) write images for post testing diagnosis		#
#									#
#-<-->-<-->-<-->-<-->-<-->-<-->-<-->-<-->-<-->-<-->-<-->-<-->-<-->-<-->-#
#------------------------------------------------------------------------
# 01 _ Generate ATPG Summaries and Reports
#------------------------------------------------------------------------
if { ! [file exist ./reports/${occ_mode}/${fault}/${mode}] } 	{ exec mkdir -p ./reports/${occ_mode}/${fault}/${mode} }
# reports setting
set_faults -pt_credit 0 -au_credit 0
set_faults -summary verbose -fault_coverage -report collapsed
 Warning: Unused gate deletion affects fault coverage calculation. (M245)
set_patterns -histogram_summary
set_faults -fault_coverage
 Warning: Unused gate deletion affects fault coverage calculation. (M245)
# report coverage
report_summaries >  ./reports/${occ_mode}/${fault}/${mode}/01_coverage.rpt
# report drc violations
report_violations -all >  ./reports/${occ_mode}/${fault}/${mode}/02_drc_violations.rpt
# report not detected faults
report_faults -class nd >  ./reports/${occ_mode}/${fault}/${mode}/03_nd_faults.rpt
# report_clocks
report_clocks -intclocks  >  ./reports/${occ_mode}/${fault}/${mode}/clocks.rpt
report_clocks -pllclocks >>  ./reports/${occ_mode}/${fault}/${mode}/clocks.rpt
report_clocks -matrix    >>  ./reports/${occ_mode}/${fault}/${mode}/clocks.rpt
#------------------------------------------------------------------------
# 02 _ Write Image File for Later Post_Testing Diagnosis
#------------------------------------------------------------------------
if { ! [file exist ./imgs/${occ_mode}/${fault}] } 	{ exec mkdir -p ./imgs/${occ_mode}/${fault} }
write_image ./imgs/${occ_mode}/${fault}/${top_design}_${mode}.img.gz 	-compress gzip -replace -violations 
 End write image: #bytes=134600, CPU time=0.04 sec.
#------------------------------------------------------------------------
# 03 _ Write ATPG Patterns
#------------------------------------------------------------------------
if { ! [file exist ./patterns/${occ_mode}/${fault}/gzip] } { exec mkdir -p ./patterns/${occ_mode}/${fault}/gzip }
if { ! [file exist ./patterns/${occ_mode}/${fault}/stil] } { exec mkdir -p ./patterns/${occ_mode}/${fault}/stil }
write_patterns ./patterns/${occ_mode}/${fault}/stil/${top_design}_${mode}.stil  	-format stil -unified_stil_flow -replace
 Patterns written reference 77 V statements, generating 4685 test cycles
 End writing file 'async_fifo_TM3.stil' with 23 patterns, File_size = 37731, CPU_time = 0.0 sec.
write_patterns ./patterns/${occ_mode}/${fault}/gzip/${top_design}_${mode}_pats.gz 	-format binary -compress gzip -replace
 End writing file 'async_fifo_TM3_pats.gz' with 23 patterns, File_size = 1956, CPU_time = 0.0 sec.
#------------------------------------------------------------------------
# 04 _ Save simulation testbench
#------------------------------------------------------------------------
if {! [file exist ./max_sim/logs]} {exec mkdir -p ./max_sim/logs }
if {! [file exist ./max_sim/parallel/${occ_mode}/${fault}/${mode}]} 	{exec mkdir -p ./max_sim/parallel/${occ_mode}/${fault}/${mode} }
if {! [file exist ./max_sim/serial/${occ_mode}/${fault}/${mode}]} 	{exec mkdir -p ./max_sim/serial/${occ_mode}/${fault}/${mode} }
# parallel simulation testbench 
write_testbench -input ./patterns/${occ_mode}/${fault}/stil/${top_design}_${mode}.stil 	-output ./max_sim/parallel/${occ_mode}/${fault}/${mode}/pat_parallel_tb 	-parameter {-parallel -replace -log ./max_sim/logs/pat_parallel_tb.log} 
 Executing 'stil2verilog'...
# parallel simulation testbench with back annotated delay
write_testbench -input ./patterns/${occ_mode}/${fault}/stil/${top_design}_${mode}.stil 	-output ./max_sim/serial/${occ_mode}/${fault}/${mode}/pat_serial_tb 	-parameter {-serial -replace 	-log ./max_sim/logs/pat_serial_tb.log -sdf_file ../pt/sdf/async_fifo.sdf} 
 Executing 'stil2verilog'...
 Warning: Internal pattern set is now deleted. (M133)
 Warning: Current simulation model is now deleted. (M39)
#-<-->-<-->-<-->-<-->-<-->-<-->-<-->-<-->-<-->-<-->-<-->-<-->-<-->-<-->-#
#									#
#		*** common script for all faults ***			#
#		1) read design and simualtion library			#
#		2) build test model 					#
#									#
#-<-->-<-->-<-->-<-->-<-->-<-->-<-->-<-->-<-->-<-->-<-->-<-->-<-->-<-->-#
#------------------------------------------------------------------------
# 00 _ Save TetraMax Transcript to Log File
#------------------------------------------------------------------------
if { $mode == {TM1} } { 

if { ! [file exist ./logs/${occ_mode}/${fault}] } 	{ exec mkdir -p ./logs/${occ_mode}/${fault} }

set_messages -log ./logs/${occ_mode}/${fault}/tmax_atpg.log -replace  

#------------------------------------------------------------------------
# 01 _ Read Libraries and Design
#------------------------------------------------------------------------
if { ! [file exist ./reports/${occ_mode}/${fault}] } 	{ exec mkdir -p ./reports/${occ_mode}/${fault} }

read_netlist ../libs/mw_lib/tmax/libs.v.gz
read_netlist ../syn/mapped_scan/${top_design}.v

report_modules -undefined > ./reports/${occ_mode}/${fault}/01_read.rpt

}
#------------------------------------------------------------------------
# 02 _ Build ATPG Design Model
#------------------------------------------------------------------------
run_build_model  $top_design
 ------------------------------------------------------------------------------
 Begin build model for topcut = async_fifo ...
 ------------------------------------------------------------------------------
 There were 2966 primitives and 2 faultable pins removed during model optimizations
 Warning: Rule B7 (undriven module output pin) was violated 16 times.
 Warning: Rule B8 (unconnected module input pin) was violated 10 times.
 Warning: Rule B9 (undriven module internal net) was violated 12 times.
 Warning: Rule B10 (unconnected module internal net) was violated 34 times.
 End build model: #primitives=1607, CPU_time=0.02 sec, Memory=1MB
 ------------------------------------------------------------------------------
 Begin learning analyses...
 End learning analyses, total learning CPU time=0.02 sec.
 ------------------------------------------------------------------------------
report_modules -summary >  ./reports/${occ_mode}/${fault}/02_build.rpt
report_modules -errors  >> ./reports/${occ_mode}/${fault}/02_build.rpt
 ------------------------------------------------------------------------------
 Begin scan design rules checking...
 ------------------------------------------------------------------------------
 Begin reading test protocol file ./occ_bypass_protocols/async_fifo_TM4.spf...
 Warning: Rule V6 (unused item) was violated 1 times.
 End parsing STIL file ./occ_bypass_protocols/async_fifo_TM4.spf with 0 errors.
 Test protocol file reading completed, CPU time=0.00 sec.
 ------------------------------------------------------------------------------
 Begin simulating test protocol procedures...
 Nonscan cell constant value results: #constant0 = 2, #constant1 = 2
 Nonscan cell load value results    : #load0 = 4, #load1 = 2
 Test protocol simulation completed, CPU time=0.00 sec.
 ------------------------------------------------------------------------------
 Begin compressor chain I/O checking: #undefined_io=48 ...
 End compressor chain output checking: #resolved=0, #ambiguous=24, #failed=0, #undefined_inputs=24
 Begin scan chain operation checking...
 Chain 1 successfully traced with 8 scan_cells.
 Chain 2 successfully traced with 8 scan_cells.
 Chain 3 successfully traced with 9 scan_cells.
 Chain 4 successfully traced with 8 scan_cells.
 Chain 5 successfully traced with 8 scan_cells.
 Chain 6 successfully traced with 8 scan_cells.
 Chain 7 successfully traced with 8 scan_cells.
 Chain 8 successfully traced with 8 scan_cells.
 Chain 9 successfully traced with 8 scan_cells.
 Chain 10 successfully traced with 8 scan_cells.
 Chain 11 successfully traced with 8 scan_cells.
 Chain 12 successfully traced with 8 scan_cells.
 Chain 13 successfully traced with 8 scan_cells.
 Chain 14 successfully traced with 8 scan_cells.
 Chain 15 successfully traced with 8 scan_cells.
 Chain 16 successfully traced with 8 scan_cells.
 Chain 17 successfully traced with 8 scan_cells.
 Chain 18 successfully traced with 8 scan_cells.
 Chain 19 successfully traced with 8 scan_cells.
 Chain 20 successfully traced with 8 scan_cells.
 Chain 21 successfully traced with 8 scan_cells.
 Chain 22 successfully traced with 8 scan_cells.
 Chain 23 successfully traced with 8 scan_cells.
 Chain 24 successfully traced with 8 scan_cells.
 End ambiguous chain resolution: #resolved=24, #ambiguous=0, #failed=0
 Warning: Rule S19 (nonscan cell disturb) was violated 23 times.
 Scan chain operation checking completed, CPU time=0.01 sec.
 ------------------------------------------------------------------------------
 Begin clock rules checking...
 Warning: Rule C3 (no latch transparency when clocks off) was violated 1 times.
 Clock rules checking completed, CPU time=0.00 sec.
 The following clocks were identified as groupable with clock wclk (0).
    rclk (12)   ~wrst_n (1)   ~rrst_n (13)
 Clock grouping results: #pairs=8, #groups=1, #serial_pairs=0, #disturbed_pairs=3, CPU time=0.01 sec.
 ------------------------------------------------------------------------------
 Begin nonscan rules checking...
 Nonscan cell summary: #DFF=22  #DLAT=6  #RAM_outs=0  tla_usage_type=hot_clock_tla
 Nonscan behavior:  #C0=2  #C1=2  #TLA=1  #L0=2  #LE=20  #LS=1
 Nonscan rules checking completed, CPU time=0.00 sec.
 ------------------------------------------------------------------------------
 Begin compressor rules checking...
 Warning: Rule R10 (two chains always have the same unload signature) was violated 36 times.
 Warning: Rule R11 (X on chain affects observability of other chains) was violated 136 times.
 Compressor rules checking completed: #chains=24, #scanins=4, #scanouts=4, #shifts=10, CPU time=0.00 sec.
 ------------------------------------------------------------------------------
 Begin DRC dependent learning...
 Fast-sequential depth results: control=8(1568), observe=0(0), detect=0(0), CPU time=0.00 sec
 DRC dependent learning completed, CPU time=0.00 sec.
 ------------------------------------------------------------------------------
 DRC Summary Report
 ------------------------------------------------------------------------------
 Warning: Rule V6 (unused item) was violated 1 times.
 Warning: Rule S19 (nonscan cell disturb) was violated 23 times.
 Warning: Rule C3 (no latch transparency when clocks off) was violated 1 times.
 Warning: Rule R10 (two chains always have the same unload signature) was violated 36 times.
 Warning: Rule R11 (X on chain affects observability of other chains) was violated 136 times.
 There were 197 violations that occurred during DRC process.
 1 potential clock groups were identified.
 Design rules checking was successful, total CPU time=0.02 sec.
 ------------------------------------------------------------------------------
 5495 faults were added to fault list.
 Warning: 78 invalid fault sites were ignored (first occ. at line 1). (M107)
 0 stuck faults were changed to DS from the inactive transition fault list.
 0 stuck faults were changed to DI from the inactive transition fault list.
 0 stuck faults were changed to NP from the inactive transition fault list.
 2229 stuck faults were changed to DS from the inactive transition fault list.
 0 stuck faults were changed to DI from the inactive transition fault list.
 0 stuck faults were changed to NP from the inactive transition fault list.
 57 stuck faults were changed to DS from the inactive transition fault list.
 0 stuck faults were changed to DI from the inactive transition fault list.
 0 stuck faults were changed to NP from the inactive transition fault list.
 
 ATPG performed for stuck fault model using internal pattern source.
 ----------------------------------------------------------
 #patterns     #faults     #ATPG faults  test      process
 stored     detect/active  red/au/abort  coverage  CPU time
 ---------  -------------  ------------  --------  --------
 Begin deterministic ATPG: #collapsed_faults=1262, abort_limit=100...
 24            547     12        1/17/0    86.97%      0.04
 Compressor unload adjustment completed: #patterns_adjusted=24, #patterns_added=1, CPU time=0.00 sec.
 
      Collapsed Stuck Fault Summary Report
 -----------------------------------------------
 fault class                     code   #faults
 ------------------------------  ----  ---------
 Detected                         DT       4765
   detected_by_simulation         DS      (2833)
   detected_by_implication        DI      (1932)
 Possibly detected                PT          0
 Undetectable                     UD         16
   undetectable-tied              UT         (9)
   undetectable-blocked           UB         (4)
   undetectable-redundant         UR         (3)
 ATPG untestable                  AU        628
   atpg_untestable-not_detected   AN       (628)
 Not detected                     ND         86
   not-controlled                 NC        (77)
   not-observed                   NO         (9)
 -----------------------------------------------
 total faults                              5495
 test coverage                            86.97%
 fault coverage                           86.72%
 -----------------------------------------------
            Pattern Summary Report
 -----------------------------------------------
 #internal patterns                          25
     #basic_scan patterns                    25
 -----------------------------------------------
            CPU Usage Summary Report
 -----------------------------------------------
 Total CPU time                            0.04
 -----------------------------------------------
 
 ATPG performed for stuck fault model using internal pattern source.
 ----------------------------------------------------------
 #patterns     #faults     #ATPG faults  test      process
 stored     detect/active  red/au/abort  coverage  CPU time
 ---------  -------------  ------------  --------  --------
 Begin fast-seq ATPG: #collapsed_faults=86, abort_limit=100, depth=5...
 26              1     22        0/63/0    86.99%      0.00
 27              2     20        0/63/0    87.02%      0.01
 28              1     19        0/63/0    87.04%      0.01
 29              3     16        0/63/0    87.10%      0.01
 30              2     13        0/64/0    87.13%      0.01
 Compressor unload adjustment completed: #patterns_adjusted=5, #patterns_added=1, CPU time=0.00 sec.
 
      Collapsed Stuck Fault Summary Report
 -----------------------------------------------
 fault class                     code   #faults
 ------------------------------  ----  ---------
 Detected                         DT       4774
   detected_by_simulation         DS      (2842)
   detected_by_implication        DI      (1932)
 Possibly detected                PT          0
 Undetectable                     UD         16
   undetectable-tied              UT         (9)
   undetectable-blocked           UB         (4)
   undetectable-redundant         UR         (3)
 ATPG untestable                  AU        701
   atpg_untestable-not_detected   AN       (701)
 Not detected                     ND          4
   not-observed                   NO         (4)
 -----------------------------------------------
 total faults                              5495
 test coverage                            87.13%
 fault coverage                           86.88%
 -----------------------------------------------
            Pattern Summary Report
 -----------------------------------------------
 #internal patterns                          31
     #basic_scan patterns                    25
     #fast_sequential patterns                6
          # 2-cycle patterns                  6
          # 1-load patterns                   6
 -----------------------------------------------
            CPU Usage Summary Report
 -----------------------------------------------
 Total CPU time                            0.01
 -----------------------------------------------
 
 ATPG performed for stuck fault model using internal pattern source.
 Compressor unload adjustment completed: #patterns_adjusted=0, #patterns_added=0, CPU time=0.00 sec.
 
 ------------------------------------------------------------
 Begin Full-Sequential ATPG for 705 collapsed faults ...
  --- abort limit : 10 backtracks, NO TIME LIMIT
 ------------------------------------------------------------
 #patterns  #faults        #ATPG faults  test       process  
 stored     detect/active  red/au/abort  coverage   CPU time 
 ---------  -------------  ------------  --------  ----------
 32                1    492       0/212/0     87.15%         0.06
 33                1    491       0/212/0     87.17%         0.08
 34                2    489       0/212/0     87.21%         0.08
 35                0      0       1/700/0     87.22%         0.19
 
      Collapsed Stuck Fault Summary Report
 -----------------------------------------------
 fault class                     code   #faults
 ------------------------------  ----  ---------
 Detected                         DT       4778
   detected_by_simulation         DS      (2846)
   detected_by_implication        DI      (1932)
 Possibly detected                PT          0
 Undetectable                     UD         17
   undetectable-tied              UT         (9)
   undetectable-blocked           UB         (4)
   undetectable-redundant         UR         (4)
 ATPG untestable                  AU        700
   atpg_untestable-not_detected   AN       (700)
 Not detected                     ND          0
 -----------------------------------------------
 total faults                              5495
 test coverage                            87.22%
 fault coverage                           86.95%
 -----------------------------------------------
            Pattern Summary Report
 -----------------------------------------------
 #internal patterns                          35
     #basic_scan patterns                    25
     #fast_sequential patterns                6
          # 2-cycle patterns                  6
          # 1-load patterns                   6
     #full_sequential patterns                4
 -----------------------------------------------
            CPU Usage Summary Report
 -----------------------------------------------
 Total CPU time                            0.21
 -----------------------------------------------
 Write faults completed: 5495 faults were written into file "./faults/occ_bypass/TM4/stuck.flt".
#-<-->-<-->-<-->-<-->-<-->-<-->-<-->-<-->-<-->-<-->-<-->-<-->-<-->-<-->-#
#									#
#		*** common script for all faults ***			#
#		1) generate required reports				#
#		2) write test patterns					#
#		3) write testbenches for pattern validation		#
#		4) write images for post testing diagnosis		#
#									#
#-<-->-<-->-<-->-<-->-<-->-<-->-<-->-<-->-<-->-<-->-<-->-<-->-<-->-<-->-#
#------------------------------------------------------------------------
# 01 _ Generate ATPG Summaries and Reports
#------------------------------------------------------------------------
if { ! [file exist ./reports/${occ_mode}/${fault}/${mode}] } 	{ exec mkdir -p ./reports/${occ_mode}/${fault}/${mode} }
# reports setting
set_faults -pt_credit 0 -au_credit 0
set_faults -summary verbose -fault_coverage -report collapsed
 Warning: Unused gate deletion affects fault coverage calculation. (M245)
set_patterns -histogram_summary
set_faults -fault_coverage
 Warning: Unused gate deletion affects fault coverage calculation. (M245)
# report coverage
report_summaries >  ./reports/${occ_mode}/${fault}/${mode}/01_coverage.rpt
# report drc violations
report_violations -all >  ./reports/${occ_mode}/${fault}/${mode}/02_drc_violations.rpt
# report not detected faults
report_faults -class nd >  ./reports/${occ_mode}/${fault}/${mode}/03_nd_faults.rpt
# report_clocks
report_clocks -intclocks  >  ./reports/${occ_mode}/${fault}/${mode}/clocks.rpt
report_clocks -pllclocks >>  ./reports/${occ_mode}/${fault}/${mode}/clocks.rpt
report_clocks -matrix    >>  ./reports/${occ_mode}/${fault}/${mode}/clocks.rpt
#------------------------------------------------------------------------
# 02 _ Write Image File for Later Post_Testing Diagnosis
#------------------------------------------------------------------------
if { ! [file exist ./imgs/${occ_mode}/${fault}] } 	{ exec mkdir -p ./imgs/${occ_mode}/${fault} }
write_image ./imgs/${occ_mode}/${fault}/${top_design}_${mode}.img.gz 	-compress gzip -replace -violations 
 End write image: #bytes=136593, CPU time=0.04 sec.
#------------------------------------------------------------------------
# 03 _ Write ATPG Patterns
#------------------------------------------------------------------------
if { ! [file exist ./patterns/${occ_mode}/${fault}/gzip] } { exec mkdir -p ./patterns/${occ_mode}/${fault}/gzip }
if { ! [file exist ./patterns/${occ_mode}/${fault}/stil] } { exec mkdir -p ./patterns/${occ_mode}/${fault}/stil }
write_patterns ./patterns/${occ_mode}/${fault}/stil/${top_design}_${mode}.stil  	-format stil -unified_stil_flow -replace
 Patterns written reference 115 V statements, generating 439 test cycles
 End writing file 'async_fifo_TM4.stil' with 35 patterns, File_size = 47697, CPU_time = 0.0 sec.
write_patterns ./patterns/${occ_mode}/${fault}/gzip/${top_design}_${mode}_pats.gz 	-format binary -compress gzip -replace
 End writing file 'async_fifo_TM4_pats.gz' with 35 patterns, File_size = 1552, CPU_time = 0.0 sec.
#------------------------------------------------------------------------
# 04 _ Save simulation testbench
#------------------------------------------------------------------------
if {! [file exist ./max_sim/logs]} {exec mkdir -p ./max_sim/logs }
if {! [file exist ./max_sim/parallel/${occ_mode}/${fault}/${mode}]} 	{exec mkdir -p ./max_sim/parallel/${occ_mode}/${fault}/${mode} }
if {! [file exist ./max_sim/serial/${occ_mode}/${fault}/${mode}]} 	{exec mkdir -p ./max_sim/serial/${occ_mode}/${fault}/${mode} }
# parallel simulation testbench 
write_testbench -input ./patterns/${occ_mode}/${fault}/stil/${top_design}_${mode}.stil 	-output ./max_sim/parallel/${occ_mode}/${fault}/${mode}/pat_parallel_tb 	-parameter {-parallel -replace -log ./max_sim/logs/pat_parallel_tb.log} 
 Executing 'stil2verilog'...
# parallel simulation testbench with back annotated delay
write_testbench -input ./patterns/${occ_mode}/${fault}/stil/${top_design}_${mode}.stil 	-output ./max_sim/serial/${occ_mode}/${fault}/${mode}/pat_serial_tb 	-parameter {-serial -replace 	-log ./max_sim/logs/pat_serial_tb.log -sdf_file ../pt/sdf/async_fifo.sdf} 
 Executing 'stil2verilog'...
 Warning: Internal pattern set is now deleted. (M133)
 Warning: Current simulation model is now deleted. (M39)
exit
