    Collapsed Transition Fault Summary Report
 -----------------------------------------------
 fault class                     code   #faults
 ------------------------------  ----  ---------
 Detected                         DT       3542
   detected_by_simulation         DS      (1042)
   detected_by_implication        DI       (806)
   transition-partially_detected   TP      (1694)
 Possibly detected                PT          0
 Undetectable                     UD         20
   undetectable-tied              UT        (18)
   undetectable-redundant         UR         (2)
 ATPG untestable                  AU       1016
   atpg_untestable-not_detected   AN      (1016)
 Not detected                     ND          0
 -----------------------------------------------
 total faults                              4578
 test coverage                            77.71%
 fault coverage                           77.37%
 -----------------------------------------------
            Pattern Summary Report
 -----------------------------------------------
 #internal patterns                         217
     #basic_scan patterns                     1
     #fast_sequential patterns              216
          # 2-cycle patterns                216
          # 1-load patterns                 216
 -----------------------------------------------
