 The max tmgn for small delay defect faults has been set to 2.2598
 ------------------------------------------------------------------------------
 Histogram of Collapsed Fault Distribution
              tmgn
        values     #faults
 -----------------------
   0.1400 -   0.3520: 157     
   0.3520 -   0.5640: 98      
   0.5640 -   0.7759: 39      
   0.7759 -   0.9879: 40      
   0.9879 -   1.1999: 537     
   1.1999 -   1.4119: 149     
   1.4119 -   1.6239: 22      
   1.6239 -   1.8358: 11      
   1.8358 -   2.0478: 1       
   2.0478 -   2.2598: 238     
        >   2.2598: 564     
        Infinite: 2722    
       Undefined: 0       
 --------------------------------------------------------------------------
 Cumulative Distribution of tmgn
           tmgn
       values   #faults
 -----------------------
       0.3520: 157     
       0.5640: 255     
       0.7759: 294     
       0.9879: 334     
       1.1999: 871     
       1.4119: 1020    
       1.6239: 1042    
       1.8358: 1053    
       2.0478: 1054    
       2.2598: 1292    
        < inf: 1856    
     Infinite: 2722    
    Undefined: 0       
 --------------------------------------------------------------------------
 The max tmgn for small delay defect faults has been set to 2.2598
 ------------------------------------------------------------------------------
 Histogram of Collapsed Fault Distribution
              tdet
        values     #faults
 -----------------------
   0.1400 -   0.3520: 48      
   0.3520 -   0.5640: 103     
   0.5640 -   0.7759: 65      
   0.7759 -   0.9879: 68      
   0.9879 -   1.1999: 282     
   1.1999 -   1.4119: 383     
   1.4119 -   1.6239: 41      
   1.6239 -   1.8358: 17      
   1.8358 -   2.0478: 2       
   2.0478 -   2.2598: 238     
        >   2.2598: 527     
        Infinite: 1238    
       Undefined: 1566    
 --------------------------------------------------------------------------
 Cumulative Distribution of tdet
           tdet
       values   #faults
 -----------------------
       0.3520: 48      
       0.5640: 151     
       0.7759: 216     
       0.9879: 284     
       1.1999: 566     
       1.4119: 949     
       1.6239: 990     
       1.8358: 1007    
       2.0478: 1009    
       2.2598: 1247    
        < inf: 1774    
     Infinite: 1238    
    Undefined: 1566    
 --------------------------------------------------------------------------
 The max tmgn for small delay defect faults has been set to 2.2598
 ------------------------------------------------------------------------------
 Histogram of Collapsed Fault Distribution
              delta
        values     #faults
 -----------------------
   0.0000 -   0.2280: 2637    
   0.2280 -   0.4560: 118     
   0.4560 -   0.6840: 50      
   0.6840 -   0.9120: 37      
   0.9120 -   1.1400: 39      
   1.1400 -   1.3680: 31      
   1.3680 -   1.5960: 56      
   1.5960 -   1.8240: 10      
   1.8240 -   2.0520: 1       
   2.0520 -   2.2800: 0       
        >   2.2800: 1       
        Infinite: 32      
       Undefined: 1566    
 --------------------------------------------------------------------------
 Cumulative Distribution of delta
           delta
       values   #faults
 -----------------------
       0.2280: 2637    
       0.4560: 2755    
       0.6840: 2805    
       0.9120: 2842    
       1.1400: 2881    
       1.3680: 2912    
       1.5960: 2968    
       1.8240: 2978    
       2.0520: 2979    
       2.2800: 2979    
        < inf: 2980    
     Infinite: 32      
    Undefined: 1566    
 --------------------------------------------------------------------------
