       Collapsed IDDQ Fault Summary Report
 -----------------------------------------------
 fault class                     code   #faults
 ------------------------------  ----  ---------
 Detected                         DT       5478
   detected_by_simulation         DS      (5478)
 Possibly detected                PT          0
 Undetectable                     UD        433
   undetectable-tied              UT         (9)
   undetectable-redundant         UR       (424)
 ATPG untestable                  AU        612
   atpg_untestable-not_detected   AN       (612)
 Not detected                     ND          0
 -----------------------------------------------
 total faults                              6523
 test coverage                            89.95%
 fault coverage                           83.98%
 -----------------------------------------------
            Pattern Summary Report
 -----------------------------------------------
 #internal patterns                          20
     #basic_scan patterns                    20
 -----------------------------------------------
